<?xml version="1.0" encoding="UTF-8"?>
<testsuite name="ru.akudinov.test.RestApplicationTests" time="2.433" tests="4" errors="1" skipped="0" failures="0">
  <properties>
[...]
</properties>
  <testcase name="testApply" classname="ru.akudinov.test.RestApplicationTests" time="1.145"/>
  <testcase name="testList" classname="ru.akudinov.test.RestApplicationTests" time="0.632"/>
  <testcase name="testListByPersonId" classname="ru.akudinov.test.RestApplicationTests" time="0.495">
    <error type="java.lang.NullPointerException:">java.lang.NullPointerException: null
	at ru.akudinov.test.RestApplicationTests.testListByPersonId(RestApplicationTests.java:72)
</error>
    <system-out><![CDATA[2016-10-04 06:10:07.473  INFO 618 --- [o-auto-1-exec-3] ru.akudinov.test.LoanEndpoint            : Take country : LV
2016-10-04 06:10:07.486  INFO 618 --- [           main] ru.akudinov.test.RestApplicationTests    : Applying loan: <200 OK,Loan(id=5, amount=100, term=10, personalId=11, name=Ivan, surname=Ivanov1),{Content-Type=[application/json], Content-Length=[81], Date=[Tue, 04 Oct 2016 03:10:06 GMT]}>
2016-10-04 06:10:07.645  INFO 618 --- [o-auto-1-exec-4] ru.akudinov.test.LoanEndpoint            : Take country : LV
2016-10-04 06:10:07.649  INFO 618 --- [           main] ru.akudinov.test.RestApplicationTests    : Applying loan: <200 OK,Loan(id=6, amount=200, term=10, personalId=12, name=Ivan, surname=Ivanov2),{Content-Type=[application/json], Content-Length=[81], Date=[Tue, 04 Oct 2016 03:10:06 GMT]}>
2016-10-04 06:10:07.790  INFO 618 --- [o-auto-1-exec-5] ru.akudinov.test.LoanEndpoint            : Take country : LV
2016-10-04 06:10:07.795  INFO 618 --- [           main] ru.akudinov.test.RestApplicationTests    : Applying loan: <200 OK,Loan(id=7, amount=300, term=10, personalId=13, name=Ivan, surname=Ivanov3),{Content-Type=[application/json], Content-Length=[81], Date=[Tue, 04 Oct 2016 03:10:07 GMT]}>
]]></system-out>
  </testcase>
  <testcase name="testRejectedApplyByBlockedUser" classname="ru.akudinov.test.RestApplicationTests" time="0.161"/>
</testsuite>